[    0.000000] Initializing cgroup subsys cpuset
[    0.000000] Initializing cgroup subsys cpu
[    0.000000] Initializing cgroup subsys cpuacct
[    0.000000] Linux version 4.4.0-128-generic (buildd@lcy01-amd64-019) (gcc version 5.4.0 20160609 (Ubuntu 5.4.0-6ubuntu1~16.04.9) ) #154-Ubuntu SMP Fri May 25 14:15:18 UTC 2018 (Ubuntu 4.4.0-128.154-generic 4.4.131)
[    0.000000] Command line: BOOT_IMAGE=/boot/vmlinuz-4.4.0-128-generic root=LABEL=cloudimg-rootfs ro console=tty1 console=ttyS0
[    0.000000] KERNEL supported cpus:
[    0.000000]   Intel GenuineIntel
[    0.000000]   AMD AuthenticAMD
[    0.000000]   Centaur CentaurHauls
[    0.000000] ------------[ cut here ]------------
[    0.000000] WARNING: CPU: 0 PID: 0 at /build/linux-prqDW9/linux-4.4.0/arch/x86/kernel/fpu/xstate.c:517 fpu__init_system_xstate+0x38b/0x75a()
[    0.000000] XSAVE consistency problem, dumping leaves
[    0.000000] Modules linked in:
[    0.000000] CPU: 0 PID: 0 Comm: swapper Not tainted 4.4.0-128-generic #154-Ubuntu
[    0.000000]  0000000000000086 d9e06820eae7b69f ffffffff81e03d70 ffffffff81401473
[    0.000000]  ffffffff81e03db8 ffffffff81cacb08 ffffffff81e03da8 ffffffff81084432
[    0.000000]  ffffffff81e03e38 ffffffff81e03e3c 0000000000000008 0000000000000100
[    0.000000] Call Trace:
[    0.000000]  [<ffffffff81401473>] dump_stack+0x63/0x90
[    0.000000]  [<ffffffff81084432>] warn_slowpath_common+0x82/0xc0
[    0.000000]  [<ffffffff810844cc>] warn_slowpath_fmt+0x5c/0x80
[    0.000000]  [<ffffffff8107ffeb>] ? xfeature_size+0x59/0x77
[    0.000000]  [<ffffffff81f732b1>] fpu__init_system_xstate+0x38b/0x75a
[    0.000000]  [<ffffffff81f63120>] ? early_idt_handler_array+0x120/0x120
[    0.000000]  [<ffffffff81f72c1c>] fpu__init_system+0x10b/0x243
[    0.000000]  [<ffffffff81f73e46>] early_cpu_init+0x1da/0x1e0
[    0.000000]  [<ffffffff81f73e46>] ? early_cpu_init+0x1da/0x1e0
[    0.000000]  [<ffffffff81f6f1a6>] setup_arch+0xb4/0xd13
[    0.000000]  [<ffffffff81f63120>] ? early_idt_handler_array+0x120/0x120
[    0.000000]  [<ffffffff81f63c75>] start_kernel+0xe2/0x4a4
[    0.000000]  [<ffffffff81f63120>] ? early_idt_handler_array+0x120/0x120
[    0.000000]  [<ffffffff81f63339>] x86_64_start_reservations+0x2a/0x2c
[    0.000000]  [<ffffffff81f63485>] x86_64_start_kernel+0x14a/0x16d
[    0.000000] ---[ end trace 4d5ff9f2f68c4233 ]---
[    0.000000] CPUID[0d, 00]: eax=00000007 ebx=00000440 ecx=00000440 edx=00000000
[    0.000000] CPUID[0d, 01]: eax=00000000 ebx=00000440 ecx=00000000 edx=00000000
[    0.000000] CPUID[0d, 02]: eax=00000100 ebx=00000240 ecx=00000000 edx=00000000
[    0.000000] CPUID[0d, 03]: eax=00000000 ebx=00000000 ecx=00000000 edx=00000000
[    0.000000] CPUID[0d, 04]: eax=00000000 ebx=00000000 ecx=00000000 edx=00000000
[    0.000000] CPUID[0d, 05]: eax=00000000 ebx=00000000 ecx=00000000 edx=00000000
[    0.000000] CPUID[0d, 06]: eax=00000000 ebx=00000000 ecx=00000000 edx=00000000
[    0.000000] CPUID[0d, 07]: eax=00000000 ebx=00000000 ecx=00000000 edx=00000000
[    0.000000] CPUID[0d, 08]: eax=00000000 ebx=00000000 ecx=00000000 edx=00000000
[    0.000000] CPUID[0d, 09]: eax=00000000 ebx=00000000 ecx=00000000 edx=00000000
[    0.000000] CPUID[0d, 0a]: eax=00000000 ebx=00000000 ecx=00000000 edx=00000000
[    0.000000] CPUID[0d, 0b]: eax=00000000 ebx=00000000 ecx=00000000 edx=00000000
[    0.000000] CPUID[0d, 0c]: eax=00000000 ebx=00000000 ecx=00000000 edx=00000000
[    0.000000] CPUID[0d, 0d]: eax=00000000 ebx=00000000 ecx=00000000 edx=00000000
[    0.000000] CPUID[0d, 0e]: eax=00000000 ebx=00000000 ecx=00000000 edx=00000000
[    0.000000] CPUID[0d, 0f]: eax=00000000 ebx=00000000 ecx=00000000 edx=00000000
[    0.000000] CPUID[0d, 10]: eax=00000000 ebx=00000000 ecx=00000000 edx=00000000
[    0.000000] CPUID[0d, 11]: eax=00000000 ebx=00000000 ecx=00000000 edx=00000000
[    0.000000] x86/fpu: xstate_offset[2]:  576, xstate_sizes[2]:  256
[    0.000000] x86/fpu: Supporting XSAVE feature 0x01: 'x87 floating point registers'
[    0.000000] x86/fpu: Supporting XSAVE feature 0x02: 'SSE registers'
[    0.000000] x86/fpu: Supporting XSAVE feature 0x04: 'AVX registers'
[    0.000000] x86/fpu: Enabled xstate features 0x7, context size is 1088 bytes, using 'standard' format.
[    0.000000] x86/fpu: Using 'lazy' FPU context switches.
[    0.000000] e820: BIOS-provided physical RAM map:
[    0.000000] BIOS-e820: [mem 0x0000000000000000-0x000000000009fbff] usable
[    0.000000] BIOS-e820: [mem 0x000000000009fc00-0x000000000009ffff] reserved
[    0.000000] BIOS-e820: [mem 0x00000000000f0000-0x00000000000fffff] reserved
[    0.000000] BIOS-e820: [mem 0x0000000000100000-0x000000003ffeffff] usable
[    0.000000] BIOS-e820: [mem 0x000000003fff0000-0x000000003fffffff] ACPI data
[    0.000000] BIOS-e820: [mem 0x00000000fec00000-0x00000000fec00fff] reserved
[    0.000000] BIOS-e820: [mem 0x00000000fee00000-0x00000000fee00fff] reserved
[    0.000000] BIOS-e820: [mem 0x00000000fffc0000-0x00000000ffffffff] reserved
[    0.000000] NX (Execute Disable) protection: active
[    0.000000] SMBIOS 2.5 present.
[    0.000000] Hypervisor detected: KVM
[    0.000000] e820: last_pfn = 0x3fff0 max_arch_pfn = 0x400000000
[    0.000000] MTRR: Disabled
[    0.000000] x86/PAT: MTRRs disabled, skipping PAT initialization too.
[    0.000000] CPU MTRRs all blank - virtualized system.
[    0.000000] x86/PAT: Configuration [0-7]: WB  WT  UC- UC  WB  WT  UC- UC  
[    0.000000] found SMP MP-table at [mem 0x0009fff0-0x0009ffff] mapped at [ffff88000009fff0]
[    0.000000] Scanning 1 areas for low memory corruption
[    0.000000] RAMDISK: [mem 0x36aa4000-0x37549fff]
[    0.000000] ACPI: Early table checksum verification disabled
[    0.000000] ACPI: RSDP 0x00000000000E0000 000024 (v02 VBOX  )
[    0.000000] ACPI: XSDT 0x000000003FFF0030 00003C (v01 VBOX   VBOXXSDT 00000001 ASL  00000061)
[    0.000000] ACPI: FACP 0x000000003FFF00F0 0000F4 (v04 VBOX   VBOXFACP 00000001 ASL  00000061)
[    0.000000] ACPI: DSDT 0x000000003FFF0470 0021FF (v02 VBOX   VBOXBIOS 00000002 INTL 20100528)
[    0.000000] ACPI: FACS 0x000000003FFF0200 000040
[    0.000000] ACPI: FACS 0x000000003FFF0200 000040
[    0.000000] ACPI: APIC 0x000000003FFF0240 00005C (v02 VBOX   VBOXAPIC 00000001 ASL  00000061)
[    0.000000] ACPI: SSDT 0x000000003FFF02A0 0001CC (v01 VBOX   VBOXCPUT 00000002 INTL 20100528)
[    0.000000] No NUMA configuration found
[    0.000000] Faking a node at [mem 0x0000000000000000-0x000000003ffeffff]
[    0.000000] NODE_DATA(0) allocated [mem 0x3ffeb000-0x3ffeffff]
[    0.000000] kvm-clock: Using msrs 4b564d01 and 4b564d00
[    0.000000] kvm-clock: cpu 0, msr 0:3ffe3001, primary cpu clock
[    0.000000] kvm-clock: using sched offset of 3412424493 cycles
[    0.000000] clocksource: kvm-clock: mask: 0xffffffffffffffff max_cycles: 0x1cd42e4dffb, max_idle_ns: 881590591483 ns
[    0.000000] Zone ranges:
[    0.000000]   DMA      [mem 0x0000000000001000-0x0000000000ffffff]
[    0.000000]   DMA32    [mem 0x0000000001000000-0x000000003ffeffff]
[    0.000000]   Normal   empty
[    0.000000]   Device   empty
[    0.000000] Movable zone start for each node
[    0.000000] Early memory node ranges
[    0.000000]   node   0: [mem 0x0000000000001000-0x000000000009efff]
[    0.000000]   node   0: [mem 0x0000000000100000-0x000000003ffeffff]
[    0.000000] Initmem setup node 0 [mem 0x0000000000001000-0x000000003ffeffff]
[    0.000000] ACPI: PM-Timer IO Port: 0x4008
[    0.000000] IOAPIC[0]: apic_id 2, version 32, address 0xfec00000, GSI 0-23
[    0.000000] ACPI: INT_SRC_OVR (bus 0 bus_irq 0 global_irq 2 dfl dfl)
[    0.000000] ACPI: INT_SRC_OVR (bus 0 bus_irq 9 global_irq 9 high level)
[    0.000000] Using ACPI (MADT) for SMP configuration information
[    0.000000] smpboot: Allowing 2 CPUs, 0 hotplug CPUs
[    0.000000] PM: Registered nosave memory: [mem 0x00000000-0x00000fff]
[    0.000000] PM: Registered nosave memory: [mem 0x0009f000-0x0009ffff]
[    0.000000] PM: Registered nosave memory: [mem 0x000a0000-0x000effff]
[    0.000000] PM: Registered nosave memory: [mem 0x000f0000-0x000fffff]
[    0.000000] e820: [mem 0x40000000-0xfebfffff] available for PCI devices
[    0.000000] Booting paravirtualized kernel on KVM
[    0.000000] clocksource: refined-jiffies: mask: 0xffffffff max_cycles: 0xffffffff, max_idle_ns: 7645519600211568 ns
[    0.000000] setup_percpu: NR_CPUS:512 nr_cpumask_bits:512 nr_cpu_ids:2 nr_node_ids:1
[    0.000000] PERCPU: Embedded 34 pages/cpu @ffff88003fc00000 s99544 r8192 d31528 u1048576
[    0.000000] PV qspinlock hash table entries: 256 (order: 0, 4096 bytes)
[    0.000000] Built 1 zonelists in Node order, mobility grouping on.  Total pages: 257912
[    0.000000] Policy zone: DMA32
[    0.000000] Kernel command line: BOOT_IMAGE=/boot/vmlinuz-4.4.0-128-generic root=LABEL=cloudimg-rootfs ro console=tty1 console=ttyS0
[    0.000000] PID hash table entries: 4096 (order: 3, 32768 bytes)
[    0.000000] Memory: 1001616K/1048120K available (8541K kernel code, 1313K rwdata, 4000K rodata, 1512K init, 1316K bss, 46504K reserved, 0K cma-reserved)
[    0.000000] SLUB: HWalign=64, Order=0-3, MinObjects=0, CPUs=2, Nodes=1
[    0.000000] Kernel/User page tables isolation: enabled
[    0.000000] Hierarchical RCU implementation.
[    0.000000] 	Build-time adjustment of leaf fanout to 64.
[    0.000000] 	RCU restricting CPUs from NR_CPUS=512 to nr_cpu_ids=2.
[    0.000000] RCU: Adjusting geometry for rcu_fanout_leaf=64, nr_cpu_ids=2
[    0.000000] NR_IRQS:33024 nr_irqs:440 16
[    0.000000] Console: colour VGA+ 80x25
[    0.000000] console [tty1] enabled
[    0.000000] console [ttyS0] enabled
[    0.000000] tsc: Detected 2592.002 MHz processor
[   25.385608] Calibrating delay loop (skipped) preset value.. 5184.00 BogoMIPS (lpj=10368008)
[   25.571831] pid_max: default: 32768 minimum: 301
[   25.689983] ACPI: Core revision 20150930
[   25.792717] ACPI: 2 ACPI AML tables successfully acquired and loaded
[   25.960511] Security Framework initialized
[   26.092218] Yama: becoming mindful.
[   26.101948] AppArmor: AppArmor initialized
[   26.203547] Dentry cache hash table entries: 131072 (order: 8, 1048576 bytes)
[   26.344280] Inode-cache hash table entries: 65536 (order: 7, 524288 bytes)
[   26.479037] Mount-cache hash table entries: 2048 (order: 2, 16384 bytes)
[   26.585322] Mountpoint-cache hash table entries: 2048 (order: 2, 16384 bytes)
[   26.755185] Initializing cgroup subsys io
[   26.836898] Initializing cgroup subsys memory
[   26.915006] Initializing cgroup subsys devices
[   27.044177] Initializing cgroup subsys freezer
[   27.139854] Initializing cgroup subsys net_cls
[   27.297447] Initializing cgroup subsys perf_event
[   27.408834] Initializing cgroup subsys net_prio
[   27.533909] Initializing cgroup subsys hugetlb
[   27.579490] Initializing cgroup subsys pids
[   27.662604] CPU: Physical Processor ID: 0
[   27.748462] CPU: Processor Core ID: 0
[   27.851778] mce: CPU supports 0 MCE banks
[   27.926051] Last level iTLB entries: 4KB 64, 2MB 8, 4MB 8
[   28.020220] Last level dTLB entries: 4KB 64, 2MB 0, 4MB 0, 1GB 4
[   28.151569] Spectre V2 : Mitigation: Full generic retpoline
[   28.281117] Spectre V2 : Speculation control IBPB not-supported IBRS not-supported
[   28.421025] Spectre V2 : Filling RSB on context switch
[   28.539933] Speculative Store Bypass: Vulnerable
[   28.645861] Freeing SMP alternatives memory: 32K
[   28.751914] ftrace: allocating 32236 entries in 126 pages
[   28.918825] smpboot: APIC(0) Converting physical 0 to logical package 0
[   29.070065] smpboot: Max logical packages: 1
[   29.137682] x2apic enabled
[   29.197129] Switched APIC routing to physical x2apic.
[   29.279313] ..TIMER: vector=0x30 apic1=0 pin1=2 apic2=-1 pin2=-1
[   29.528153] smpboot: CPU0: Intel(R) Core(TM) i7-6700HQ CPU @ 2.60GHz (family: 0x6, model: 0x5e, stepping: 0x3)
[   29.774559] Performance Events: unsupported p6 CPU model 94 no PMU driver, software events only.
[   29.954459] KVM setup paravirtual spinlock
[   30.076840] x86: Booting SMP configuration:
[   30.199129] .... node  #0, CPUs:      #1
[   30.284799] kvm-clock: cpu 1, msr 0:3ffe3041, secondary cpu clock
[   30.406615] mce: CPU supports 0 MCE banks
[   30.457933] x86: Booted up 1 node, 2 CPUs
[   30.574331] smpboot: Total of 2 processors activated (10368.00 BogoMIPS)
[   30.744447] devtmpfs: initialized
[   30.852060] evm: security.selinux
[   30.955731] evm: security.SMACK64
[   31.020872] evm: security.SMACK64EXEC
[   31.076222] evm: security.SMACK64TRANSMUTE
[   31.187921] evm: security.SMACK64MMAP
[   31.265083] evm: security.ima
[   31.327495] evm: security.capability
[   31.409649] clocksource: jiffies: mask: 0xffffffff max_cycles: 0xffffffff, max_idle_ns: 7645041785100000 ns
[   31.631401] futex hash table entries: 512 (order: 3, 32768 bytes)
[   31.785400] pinctrl core: initialized pinctrl subsystem
[   31.855522] RTC time:  9:55:44, date: 06/22/18
[   31.902108] NET: Registered protocol family 16
[   31.994690] cpuidle: using governor ladder
[   32.077575] cpuidle: using governor menu
[   32.131887] PCCT header not found.
[   32.189390] ACPI: bus type PCI registered
[   32.296094] acpiphp: ACPI Hot Plug PCI Controller Driver version: 0.5
[   32.452061] PCI: Using configuration type 1 for base access
[   32.614542] ACPI: Added _OSI(Module Device)
[   32.716289] ACPI: Added _OSI(Processor Device)
[   32.791440] ACPI: Added _OSI(3.0 _SCP Extensions)
[   32.890134] ACPI: Added _OSI(Processor Aggregator Device)
[   32.985526] ACPI: Executed 1 blocks of module-level executable AML code
[   33.153454] ACPI: Interpreter enabled
[   33.218140] ACPI: (supports S0 S5)
[   33.316565] ACPI: Using IOAPIC for interrupt routing
[   33.425246] PCI: Using host bridge windows from ACPI; if necessary, use "pci=nocrs" and report a bug
[   33.596790] ACPI: PCI Root Bridge [PCI0] (domain 0000 [bus 00-ff])
[   33.750055] acpi PNP0A03:00: _OSC: OS supports [ASPM ClockPM Segments MSI]
[   33.885710] acpi PNP0A03:00: _OSC: not requesting OS control; OS requires [ExtendedConfig ASPM ClockPM MSI]
[   33.972366] acpi PNP0A03:00: fail to add MMCONFIG information, can't access extended PCI configuration space under this bridge.
[   34.179316] PCI host bridge to bus 0000:00
[   34.292656] pci_bus 0000:00: root bus resource [io  0x0000-0x0cf7 window]
[   34.435150] pci_bus 0000:00: root bus resource [io  0x0d00-0xffff window]
[   34.553292] pci_bus 0000:00: root bus resource [mem 0x000a0000-0x000bffff window]
[   34.711679] pci_bus 0000:00: root bus resource [mem 0x40000000-0xffdfffff window]
[   34.844582] pci_bus 0000:00: root bus resource [bus 00-ff]
[   34.942622] pci 0000:00:01.1: legacy IDE quirk: reg 0x10: [io  0x01f0-0x01f7]
[   35.143769] pci 0000:00:01.1: legacy IDE quirk: reg 0x14: [io  0x03f6]
[   35.237513] pci 0000:00:01.1: legacy IDE quirk: reg 0x18: [io  0x0170-0x0177]
[   35.382096] pci 0000:00:01.1: legacy IDE quirk: reg 0x1c: [io  0x0376]
[   35.435000] pci 0000:00:07.0: quirk: [io  0x4000-0x403f] claimed by PIIX4 ACPI
[   35.593410] pci 0000:00:07.0: quirk: [io  0x4100-0x410f] claimed by PIIX4 SMB
[   35.794600] ACPI: PCI Interrupt Link [LNKA] (IRQs 5 9 10 *11)
[   35.893542] ACPI: PCI Interrupt Link [LNKB] (IRQs 5 9 10 *11)
[   35.997704] ACPI: PCI Interrupt Link [LNKC] (IRQs 5 9 *10 11)
[   36.105146] ACPI: PCI Interrupt Link [LNKD] (IRQs 5 *9 10 11)
[   36.205799] ACPI: Enabled 2 GPEs in block 00 to 07
[   36.288994] vgaarb: setting as boot device: PCI:0000:00:02.0
[   36.375393] vgaarb: device added: PCI:0000:00:02.0,decodes=io+mem,owns=io+mem,locks=none
[   36.520453] vgaarb: loaded
[   36.535926] vgaarb: bridge control possible 0000:00:02.0
[   36.538413] SCSI subsystem initialized
[   36.569853] ACPI: bus type USB registered
[   36.644919] usbcore: registered new interface driver usbfs
[   36.760938] usbcore: registered new interface driver hub
[   36.861560] usbcore: registered new device driver usb
[   36.917594] PCI: Using ACPI for IRQ routing
[   37.006289] NetLabel: Initializing
[   37.082030] NetLabel:  domain hash size = 128
[   37.202979] NetLabel:  protocols = UNLABELED CIPSOv4
[   37.308442] NetLabel:  unlabeled traffic allowed by default
[   37.461334] amd_nb: Cannot enumerate AMD northbridges
[   37.597461] clocksource: Switched to clocksource kvm-clock
[   37.705372] AppArmor: AppArmor Filesystem Enabled
[   37.858018] pnp: PnP ACPI init
[   37.952615] pnp: PnP ACPI: found 3 devices
[   38.094017] clocksource: acpi_pm: mask: 0xffffff max_cycles: 0xffffff, max_idle_ns: 2085701024 ns
[   38.400094] NET: Registered protocol family 2
[   38.514865] TCP established hash table entries: 8192 (order: 4, 65536 bytes)
[   38.703241] TCP bind hash table entries: 8192 (order: 5, 131072 bytes)
[   38.884193] TCP: Hash tables configured (established 8192 bind 8192)
[   39.083866] UDP hash table entries: 512 (order: 2, 16384 bytes)
[   39.274150] UDP-Lite hash table entries: 512 (order: 2, 16384 bytes)
[   39.495777] NET: Registered protocol family 1
[   39.631269] pci 0000:00:00.0: Limiting direct PCI/PCI transfers
[   39.777842] pci 0000:00:01.0: Activating ISA DMA hang workarounds
[   39.951795] Unpacking initramfs...
[   42.772987] Freeing initrd memory: 10904K
[   42.888376] platform rtc_cmos: registered platform RTC device (no PNP device found)
[   43.145428] Scanning for low memory corruption every 60 seconds
[   43.333145] audit: initializing netlink subsys (disabled)
[   43.489589] audit: type=2000 audit(1529661324.562:1): initialized
[   43.632155] Initialise system trusted keyring
[   43.742556] HugeTLB registered 2 MB page size, pre-allocated 0 pages
[   43.889647] tsc: Refined TSC clocksource calibration: 2594.060 MHz
[   44.092681] clocksource: tsc: mask: 0xffffffffffffffff max_cycles: 0x256450f80db, max_idle_ns: 440795286293 ns
[   44.094541] zbud: loaded
[   44.095047] VFS: Disk quotas dquot_6.6.0
[   44.095075] VFS: Dquot-cache hash table entries: 512 (order 0, 4096 bytes)
[   44.095336] squashfs: version 4.0 (2009/01/31) Phillip Lougher
[   44.095548] fuse init (API version 7.23)
[   44.095653] Key type big_key registered
[   44.095675] Allocating IMA MOK and blacklist keyrings.
[   44.095869] Key type asymmetric registered
[   44.095871] Asymmetric key parser 'x509' registered
[   44.095960] Block layer SCSI generic (bsg) driver version 0.4 loaded (major 249)
[   44.096002] io scheduler noop registered
[   44.096003] io scheduler deadline registered (default)
[   44.096029] io scheduler cfq registered
[   44.096107] pci_hotplug: PCI Hot Plug PCI Core version: 0.5
[   44.096112] pciehp: PCI Express Hot Plug Controller Driver version: 0.4
[   44.096270] ACPI: AC Adapter [AC] (on-line)
[   44.096340] input: Power Button as /devices/LNXSYSTM:00/LNXPWRBN:00/input/input0
[   44.096343] ACPI: Power Button [PWRF]
[   44.096459] input: Sleep Button as /devices/LNXSYSTM:00/LNXSLPBN:00/input/input1
[   44.096460] ACPI: Sleep Button [SLPF]
[   44.096590] GHES: HEST is not enabled!
[   44.097387] ACPI: Battery Slot [BAT0] (battery present)
[   44.097418] Serial: 8250/16550 driver, 32 ports, IRQ sharing enabled
[   44.375344] 00:02: ttyS0 at I/O 0x3f8 (irq = 4, base_baud = 115200) is a 16550A
[   44.436158] Linux agpgart interface v0.103
[   44.531944] loop: module loaded
[   44.532606] scsi host0: ata_piix
[   44.532658] scsi host1: ata_piix
[   44.532687] ata1: PATA max UDMA/33 cmd 0x1f0 ctl 0x3f6 bmdma 0xd000 irq 14
[   44.532687] ata2: PATA max UDMA/33 cmd 0x170 ctl 0x376 bmdma 0xd008 irq 15
[   44.532752] libphy: Fixed MDIO Bus: probed
[   44.532753] tun: Universal TUN/TAP device driver, 1.6
[   44.532754] tun: (C) 1999-2004 Max Krasnyansky <maxk@qualcomm.com>
[   44.533100] PPP generic driver version 2.4.2
[   44.533214] ehci_hcd: USB 2.0 'Enhanced' Host Controller (EHCI) Driver
[   44.533217] ehci-pci: EHCI PCI platform driver
[   44.533240] ehci-platform: EHCI generic platform driver
[   44.533261] ohci_hcd: USB 1.1 'Open' Host Controller (OHCI) Driver
[   44.533278] ohci-pci: OHCI PCI platform driver
[   44.533285] ohci-platform: OHCI generic platform driver
[   44.533291] uhci_hcd: USB Universal Host Controller Interface driver
[   44.533335] i8042: PNP: PS/2 Controller [PNP0303:PS2K,PNP0f03:PS2M] at 0x60,0x64 irq 1,12
[   44.704052] serio: i8042 KBD port at 0x60,0x64 irq 1
[   44.704057] serio: i8042 AUX port at 0x60,0x64 irq 12
[   44.704177] mousedev: PS/2 mouse device common for all mice
[   44.704464] rtc_cmos rtc_cmos: rtc core: registered rtc_cmos as rtc0
[   44.704526] rtc_cmos rtc_cmos: alarms up to one day, 114 bytes nvram
[   44.704531] i2c /dev entries driver
[   44.704576] device-mapper: uevent: version 1.0.3
[   44.704623] device-mapper: ioctl: 4.34.0-ioctl (2015-10-28) initialised: dm-devel@redhat.com
[   44.704639] ledtrig-cpu: registered to indicate activity on CPUs
[   44.704886] NET: Registered protocol family 10
[   44.705115] NET: Registered protocol family 17
[   44.705124] Key type dns_resolver registered
[   44.705320] registered taskstats version 1
[   44.705336] Loading compiled-in X.509 certificates
[   44.705856] Loaded X.509 cert 'Build time autogenerated kernel key: fc7b57a7df019f2655f66a8a374d74ee8f4999fc'
[   44.705869] zswap: loaded using pool lzo/zbud
[   44.707553] Key type trusted registered
[   44.710501] Key type encrypted registered
[   44.710505] AppArmor: AppArmor sha1 policy hashing enabled
[   44.710508] ima: No TPM chip found, activating TPM-bypass!
[   44.710520] evm: HMAC attrs: 0x1
[   44.710835]   Magic number: 6:497:930
[   44.787517] rtc_cmos rtc_cmos: setting system clock to 2018-06-22 09:55:57 UTC (1529661357)
[   44.787614] BIOS EDD facility v0.16 2004-Jun-25, 0 devices found
[   44.787614] EDD information not available.
[   45.357358] input: AT Translated Set 2 keyboard as /devices/platform/i8042/serio0/input/input2
[   53.062718] Freeing unused kernel memory: 1512K
[   53.133863] Write protecting the kernel read-only data: 14336k
[   53.173433] Freeing unused kernel memory: 1688K
[   53.265338] Freeing unused kernel memory: 96K
Loading, please wait...
[   53.359907] random: systemd-udevd: uninitialized urandom read (16 bytes read, 7 bits of entropy available)
starting version[   53.360437] random: udevadm: uninitialized urandom read (16 bytes read, 7 bits of entropy available)
 229
[   53.360455] random: udevadm: uninitialized urandom read (16 bytes read, 7 bits of entropy available)
[   53.370895] random: udevadm: uninitialized urandom read (16 bytes read, 7 bits of entropy available)
[   53.370966] random: udevadm: uninitialized urandom read (16 bytes read, 7 bits of entropy available)
[   53.371127] random: udevadm: uninitialized urandom read (16 bytes read, 7 bits of entropy available)
[   53.371189] random: udevadm: uninitialized urandom read (16 bytes read, 7 bits of entropy available)
[   53.371248] random: udevadm: uninitialized urandom read (16 bytes read, 7 bits of entropy available)
[   53.371311] random: udevadm: uninitialized urandom read (16 bytes read, 7 bits of entropy available)
[   53.371370] random: udevadm: uninitialized urandom read (16 bytes read, 7 bits of entropy available)
[   55.160235] e1000: Intel(R) PRO/1000 Network Driver - version 7.3.21-k8-NAPI
[   55.231368] e1000: Copyright (c) 1999-2006 Intel Corporation.
[   55.310936] Fusion MPT base driver 3.04.20
[   55.360767] Copyright (c) 1999-2008 LSI Corporation
[   55.440047] Fusion MPT SPI Host driver 3.04.20
[   55.555752] AVX version of gcm_enc/dec engaged.
[   55.697265] AES CTR mode by8 optimization enabled
[   55.915913] input: ImExPS/2 Generic Explorer Mouse as /devices/platform/i8042/serio1/input/input4
[   56.193009] e1000 0000:00:03.0 eth0: (PCI:33MHz:32-bit) 02:dd:f6:ca:b5:3d
[   56.238661] e1000 0000:00:03.0 eth0: Intel(R) PRO/1000 Network Connection
[   56.404537] mptbase: ioc0: Initiating bringup
[   56.406240] e1000 0000:00:03.0 enp0s3: renamed from eth0
[   56.598415] ioc0: LSI53C1030 A0: Capabilities={Initiator}
[   56.806865] scsi host2: ioc0: LSI53C1030 A0, FwRev=00000000h, Ports=1, MaxQ=256, IRQ=20
[   57.090838] scsi 2:0:0:0: Direct-Access     VBOX     HARDDISK         1.0  PQ: 0 ANSI: 5
[   57.267078] scsi target2:0:0: Beginning Domain Validation
[   57.421920] scsi target2:0:0: Domain Validation skipping write tests
[   57.461934] scsi target2:0:0: Ending Domain Validation
[   57.545759] scsi target2:0:0: asynchronous
[   57.595710] scsi 2:0:1:0: Direct-Access     VBOX     HARDDISK         1.0  PQ: 0 ANSI: 5
[   57.706953] scsi target2:0:1: Beginning Domain Validation
[   57.855698] scsi target2:0:1: Domain Validation skipping write tests
[   57.953446] scsi target2:0:1: Ending Domain Validation
[   58.050441] scsi target2:0:1: asynchronous
[   58.088801] sd 2:0:0:0: Attached scsi generic sg0 type 0
[   58.212036] sd 2:0:0:0: [sda] 20971520 512-byte logical blocks: (10.7 GB/10.0 GiB)
[   58.457775] sd 2:0:1:0: Attached scsi generic sg1 type 0
[   58.458793] sd 2:0:0:0: [sda] Write Protect is off
[   58.458959] sd 2:0:0:0: [sda] Incomplete mode parameter data
[   58.458960] sd 2:0:0:0: [sda] Assuming drive cache: write through
[   58.599828] sd 2:0:1:0: [sdb] 20480 512-byte logical blocks: (10.5 MB/10.0 MiB)
[   58.600143] sd 2:0:1:0: [sdb] Write Protect is off
[   58.600408] sd 2:0:1:0: [sdb] Incomplete mode parameter data
[   58.600409] sd 2:0:1:0: [sdb] Assuming drive cache: write through
[   58.601815]  sda: sda1
[   58.603392] sd 2:0:0:0: [sda] Attached SCSI disk
[   58.603662] sd 2:0:1:0: [sdb] Attached SCSI disk
Begin: Loading e[   61.219740] md: linear personality registered for level -1
ssential drivers ... [   61.368366] md: multipath personality registered for level -4
[   61.468405] md: raid0 personality registered for level 0
[   61.608801] md: raid1 personality registered for level 1
[   61.793865] raid6: sse2x1   gen()  6840 MB/s
[   61.982115] raid6: sse2x1   xor()  3820 MB/s
[   62.146281] raid6: sse2x2   gen() 10141 MB/s
[   62.321971] raid6: sse2x2   xor()  7417 MB/s
[   62.493751] raid6: sse2x4   gen() 11884 MB/s
[   62.698669] raid6: sse2x4   xor()  8835 MB/s
[   62.811402] raid6: using algorithm sse2x4 gen() 11884 MB/s
[   62.958807] raid6: .... xor() 8835 MB/s, rmw enabled
[   63.046900] raid6: using ssse3x2 recovery algorithm
[   63.164107] xor: automatically using best checksumming function:
[   63.353538]    avx       : 18356.000 MB/sec
[   63.419302] async_tx: api initialized (async)
[   63.568762] md: raid6 personality registered for level 6
[   63.706527] md: raid5 personality registered for level 5
[   63.845102] md: raid4 personality registered for level 4
[   64.039100] md: raid10 personality registered for level 10
done.
Begin: Running /scripts/init-p[   64.228048] Btrfs loaded
remount ... done.
Begin: Mounting root file sys[   64.302340] EXT4-fs (sda1): INFO: recovery required on readonly filesystem
tem ... Begin: R[   64.462677] EXT4-fs (sda1): write access will be enabled during recovery
unning /scripts/local-top ... done.
Begin: Running /scripts/local-premount ... Scanning for Btrfs filesystems
[   64.729382] EXT4-fs (sda1): recovery complete
done.
Warning: [   64.864258] EXT4-fs (sda1): mounted filesystem with ordered data mode. Opts: (null)
fsck not present, so skipping root file system
done.
Begin: Running /scripts/local-bottom ... done.
Begin: Running /scripts/init-bottom ... done.
[   65.268328] systemd[1]: systemd 229 running in system mode. (+PAM +AUDIT +SELINUX +IMA +APPARMOR +SMACK +SYSVINIT +UTMP +LIBCRYPTSETUP +GCRYPT +GNUTLS +ACL +XZ -LZ4 +SECCOMP +BLKID +ELFUTILS +KMOD -IDN)
[   65.492377] systemd[1]: Detected virtualization oracle.
[   65.639996] systemd[1]: Detected architecture x86-64.

Welcome to [1mUbuntu 16.04.4 LTS[0m!

[   65.762306] systemd[1]: Set hostname to <ubuntu-xenial>.
[   65.903187] random: nonblocking pool is initialized
[   66.186792] systemd[1]: Created slice System Slice.
[[0;32m  OK  [0m] Created slice System Slice.
[   66.357285] systemd[1]: Listening on LVM2 metadata daemon socket.
[[0;32m  OK  [0m] Listening on LVM2 metadata daemon socket.
[   66.574316] systemd[1]: Listening on udev Control Socket.
[[0;32m  OK  [0m] Listening on udev Control Socket.
[   66.798761] systemd[1]: Listening on /dev/initctl Compatibility Named Pipe.
[[0;32m  OK  [0m] Listening on /dev/initctl Compatibility Named Pipe.
[   67.018652] systemd[1]: Reached target Encrypted Volumes.
[[0;32m  OK  [0m] Reached target Encrypted Volumes.
[   67.214380] systemd[1]: Created slice system-serial\x2dgetty.slice.
[[0;32m  OK  [0m] Created slice system-serial\x2dgetty.slice.
[   67.422676] systemd[1]: Listening on LVM2 poll daemon socket.
[[0;32m  OK  [0m] Listening on LVM2 poll daemon socket.
[   67.609799] systemd[1]: Reached target Swap.
[[0;32m  OK  [0m] Reached target Swap.
[   67.794720] systemd[1]: Created slice User and Session Slice.
[[0;32m  OK  [0m] Created slice User and Session Slice.
[   68.026094] systemd[1]: Reached target Slices.
[[0;32m  OK  [0m] Reached target Slices.
[   68.145967] systemd[1]: Listening on Device-mapper event daemon FIFOs.
[[0;32m  OK  [0m] Listening on Device-mapper event daemon FIFOs.
[   68.426418] systemd[1]: Set up automount Arbitrary Executable File Formats File System Automount Point.
[[0;32m  OK  [0m] Set up automount Arbitrary Executab...ats File System Automount Point.
[   68.650775] systemd[1]: Listening on Journal Audit Socket.
[[0;32m  OK  [0m] Listening on Journal Audit Socket.
[   68.826268] systemd[1]: Listening on Journal Socket.
[[0;32m  OK  [0m] Listening on Journal Socket.
[   69.030518] systemd[1]: Starting Remount Root and Kernel File Systems...
         Startin[   69.206956] EXT4-fs (sda1): re-mounted. Opts: (null)
g Remount Root and Kernel File Systems...
[   69.450192] systemd[1]: Starting Monitoring of LVM2 mirrors, snapshots etc. using dmeventd or progress polling...
         Starting Monitoring of LVM2 mirrors... dmeventd or progress polling...
[   69.810738] systemd[1]: Starting Load Kernel Modules...
         Startin[   69.838660] Loading iSCSI transport class v2.0-870.
g Load Kernel Mo[   70.020821] iscsi: registered transport (tcp)
dules...
[   70.195345] iscsi: registered transport (iser)
[   70.201618] systemd[1]: Mounting Huge Pages File System...
         Mounting Huge Pages File System...
[   70.494854] systemd[1]: Starting Nameserver information manager...
         Starting Nameserver information manager...
[   70.686262] systemd[1]: Listening on Syslog Socket.
[[0;32m  OK  [0m] Listening on Syslog Socket.
[   70.868529] systemd[1]: Reached target System Time Synchronized.
[[0;32m  OK  [0m] Reached target System Time Synchronized.
[   71.094267] systemd[1]: Starting Set console keymap...
         Starting Set console keymap...
[   71.305891] systemd[1]: Mounting Debug File System...
         Mounting Debug File System...
[   71.492696] systemd[1]: Listening on Journal Socket (/dev/log).
[[0;32m  OK  [0m] Listening on Journal Socket (/dev/log).
[   71.773992] systemd[1]: Starting Journal Service...
         Starting Journal Service...
[   71.965949] systemd[1]: Starting Uncomplicated firewall...
         Starting Uncomplicated firewall...
[   72.178117] systemd[1]: Listening on udev Kernel Socket.
[[0;32m  OK  [0m] Listening on udev Kernel Socket.
[   72.430875] systemd[1]: Started Trigger resolvconf update for networkd DNS.
[[0;32m  OK  [0m] Started Trigger resolvconf update for networkd DNS.
[   72.774940] systemd[1]: Started Forward Password Requests to Wall Directory Watch.
[[0;32m  OK  [0m] Started Forward Password Requests to Wall Directory Watch.
[   73.145842] systemd[1]: Reached target User and Group Name Lookups.
[[0;32m  OK  [0m] Reached target User and Group Name Lookups.
[   73.454131] systemd[1]: Mounting POSIX Message Queue File System...
         Mounting POSIX Message Queue File System...
[   73.642844] systemd[1]: Starting Create list of required static device nodes for the current kernel...
         Starting Create list of required st... nodes for the current kernel...
[   74.009030] systemd[1]: Mounted POSIX Message Queue File System.
[[0;32m  OK  [0m] Mounted POSIX Message Queue File System.
[   74.234189] systemd[1]: Mounted Huge Pages File System.
[[0;32m  OK  [0m] Mounted Huge Pages File System.
[   74.482630] systemd[1]: Mounted Debug File System.
[[0;32m  OK  [0m] Mounted Debug File System.
[   74.702187] systemd[1]: Started Journal Service.
[[0;32m  OK  [0m] Started Journal Service.
[[0;32m  OK  [0m] Started Remount Root and Kernel File Systems.
[[0;32m  OK  [0m] Started Load Kernel Modules.
[[0;32m  OK  [0m] Started Set console keymap.
[[0;32m  OK  [0m] Started Uncomplicated firewall.
[[0;32m  OK  [0m] Started Create list of required sta...ce nodes for the current kernel.
[[0;32m  OK  [0m] Started Nameserver information manager.
[[0;32m  OK  [0m] Started LVM2 metadata daemon.
         Starting Create Static Device Nodes in /dev...
         Mounting FUSE Control File System...
         Starting Apply Kernel Variables...
         Starting Load/Save Random Seed...
         Starting udev Coldplug all Devices...
         Starting Flush Journal to Persistent Storage...
[[0;32m  OK  [0m] Mounted FUSE Control File System.
[[0;32m  OK  [0m] Started Monitoring of LVM2 mirrors,...ng dmeventd or progress polling.
[[0;32m  OK  [0m] Started Create Static Device Nodes in /dev.
[[0;32m  OK  [0m] Started Apply Kernel Variables.
[[0;32m  OK  [0m] Started Load/Save Random Seed.
[[0;32m  OK  [0m] Started Flush Journal to Persistent Storage.
[[0;32m  OK  [0m] Started udev Coldplug all Devices.
         Starting udev Kernel Device Manager...
[[0;32m  OK  [0m] Started udev Kernel Device Manager.
[[0;32m  OK  [0m] Reached target Local File Systems (Pre).
[[0;32m  OK  [0m] Reached target Local File Systems.
         Starting Create Volatile Files and Directories...
         Starting Initial cloud-init job (pre-networking)...
         Starting Tell Plymouth To Write Out Runtime Data...
         Starting LSB: AppArmor initialization...
         Starting Set console font and keymap...
[[0;32m  OK  [0m] Started Dispatch Password Requests to Console Directory Watch.
[   41.343625] cloud-init[529]: Cloud-init v. 18.2 running 'init-local' at Fri, 22 Jun 2018 09:56:30 +0000. Up 40.99 seconds.
[[0;32m  OK  [0m] Started Create Volatile Files and Directories.
[[0;32m  OK  [0m] Started Tell Plymouth To Write Out Runtime Data.
[[0;32m  OK  [0m] Started Set console font and keymap.
[[0;32m  OK  [0m] Started Initial cloud-init job (pre-networking).
[[0;32m  OK  [0m] Found device /dev/ttyS0.
[[0;32m  OK  [0m] Listening on Load/Save RF Kill Switch Status /dev/rfkill Watch.
[[0;32m  OK  [0m] Reached target Network (Pre).
[[0;32m  OK  [0m] Created slice system-getty.slice.
         Starting Update UTMP about System Boot/Shutdown...
[[0;32m  OK  [0m] Started LSB: AppArmor initialization.
[[0;32m  OK  [0m] Started Update UTMP about System Boot/Shutdown.
         Starting Raise network interfaces...
[[0;32m  OK  [0m] Started ifup for enp0s3.
[[0;32m  OK  [0m] Started Raise network interfaces.
[[0;32m  OK  [0m] Reached target Network.
         Starting Initial cloud-init job (metadata service crawler)...
[   43.880396] cloud-init[981]: Cloud-init v. 18.2 running 'init' at Fri, 22 Jun 2018 09:56:32 +0000. Up 43.42 seconds.
[   44.040950] cloud-init[981]: ci-info: +++++++++++++++++++++++++++++++++++++Net device info++++++++++++++++++++++++++++++++++++++
[[0;32m  OK  [0m] Started Initial cloud-init job (metadata service crawler).
[   44.177267] cloud-init[981]: ci-info: +--------+------+----------------------------+---------------+-------+-------------------+
[   44.444833] cloud-init[981]: ci-info: | Device |  Up  |          Address           |      Mask     | Scope |     Hw-Address    |
[   44.616810] cloud-init[981]: ci-info: +--------+------+----------------------------+---------------+-------+-------------------+
[   44.792636] cloud-init[981]: ci-info: | enp0s3 | True |         10.0.2.15          | 255.255.255.0 |   .   | 02:dd:f6:ca:b5:3d |
[   44.969201] cloud-init[981]: ci-info: | enp0s3 | True | fe80::dd:f6ff:feca:b53d/64 |       .       |  link | 02:dd:f6:ca:b5:3d |
[   45.133817] cloud-init[981]: ci-info: |   lo   | True |         127.0.0.1          |   255.0.0.0   |   .   |         .         |
[[0;32m  OK  [0m] Reached target Cloud-config availability.
[[0;32m  OK  [0m] Reached target System Initialization.
[   45.309082] cloud-init[981]: ci-info: |   lo   | True |          ::1/128           |       .       |  host |         .         |
[   45.668452] cloud-init[981]: ci-info: +--------+------+----------------------------+---------------+-------+-------------------+
[   45.840919] cloud-init[981]: ci-info: +++++++++++++++++++++++++++Route IPv4 info++++++++++++++++++++++++++++
[[0;32m  OK  [0m] Started Daily apt download activities.
         Starting Socket activation for snappy daemon.
[[0;32m  OK  [0m] Listening on ACPID Listen Socket.
[   46.003060] cloud-init[981]: ci-info: +-------+-------------+----------+---------------+-----------+-------+
[   46.365286] [cloud-init[0;32m  OK  [0m[981]: ] ci-info: | Route | Destination | Gateway  |    Genmask    | Interface | Flags |Started Daily Cleanup of Temporary Directories.

         Starting LXD - unix socket.
[[0;32m  OK  [0m] Listening on D-Bus System Message Bus Socket.
[   46.366438] cloud-init[981]: ci-info: +-------+-------------+----------+---------------+-----------+-------+
[   46.839140] [cloud-init[0;32m  OK  [0m[981]: ] ci-info: |   0   |   0.0.0.0   | 10.0.2.2 |    0.0.0.0    |   enp0s3  |   UG  |Started ACPI Events Check.

[[0;32m  OK  [0m] Reached target Paths.
[   46.839808] cloud-init[981]: ci-info: |   1   |   10.0.2.0  | 0.0.0.0  | 255.255.255.0 |   enp0s3  |   U   |
[   47.229925] [cloud-init[0;32m  OK  [0m[981]: ] ci-info: +-------+-------------+----------+---------------+-----------+-------+Started Daily apt upgrade and clean activities.

[[0;32m  OK  [0m] Listening on UUID daemon activation socket.
[[0;32m  OK  [0m] Reached target Timers.
[[0;32m  OK  [0m] Reached target Network is Online.
         Starting iSCSI initiator daemon (iscsid)...
[[0;32m  OK  [0m] Listening on Socket activation for snappy daemon.
[[0;32m  OK  [0m] Listening on LXD - unix socket.
[[0;32m  OK  [0m] Started iSCSI initiator daemon (iscsid).
         Starting Login to default iSCSI targets...
[[0;32m  OK  [0m] Reached target Sockets.
[[0;32m  OK  [0m] Reached target Basic System.
         Starting LSB: Record successful boot for GRUB...
         Starting Virtualbox guest utils...
[[0;32m  OK  [0m] Started ACPI event daemon.
         Starting Accounts Service...
[[0;32m  OK  [0m] Started Unattended Upgrades Shutdown.
[[0;32m  OK  [0m] Started FUSE filesystem for LXC.
[[0;32m  OK  [0m] Started Regular background program processing daemon.
         Starting LXD - container startup/shutdown...
         Starting Login Service...
         Starting Apply the settings specified in cloud-config...
         Starting LSB: MD monitoring daemon...
[[0;32m  OK  [0m] Started D-Bus System Message Bus.
         Starting System Logging Service...
         Starting OpenBSD Secure Shell server...
[[0;32m  OK  [0m] Started Deferred execution scheduler.
         Starting /etc/rc.local Compatibility...
         Starting Snappy daemon...
[[0;32m  OK  [0m] Started System Logging Service.
[[0;32m  OK  [0m] Started OpenBSD Secure Shell server.
[[0;32m  OK  [0m] Started Snappy daemon.
[[0;32m  OK  [0m] Started LXD - container startup/shutdown.
[[0;32m  OK  [0m] Started Apply the settings specified in cloud-config.
[[0;32m  OK  [0m] Started /etc/rc.local Compatibility.
[   49.533635] cloud-init[1071]: Cloud-init v. 18.2 running 'modules:config' at Fri, 22 Jun 2018 09:56:38 +0000. Up 49.27 seconds.
[[0;32m  OK  [0m] Started LSB: Record successful boot for GRUB.
[[0;32m  OK  [0m] Started Virtualbox guest utils.
[[0;32m  OK  [0m] Started Login to default iSCSI targets.
[[0;32m  OK  [0m] Started LSB: MD monitoring daemon.
[[0;32m  OK  [0m] Started Login Service.
         Starting Authenticate and Authorize Users to Run Privileged Tasks...
[[0;32m  OK  [0m] Reached target Remote File Systems (Pre).
[[0;32m  OK  [0m] Reached target Remote File Systems.
         Starting LSB: daemon to balance interrupts for SMP systems...
         Starting LSB: automatic crash report generation...
         Starting Permit User Sessions...
         Starting LSB: Set the CPU Frequency Scaling governor to "ondemand"...
         Starting Wait until snapd is fully seeded...
[[0;32m  OK  [0m] Started Permit User Sessions.
[[0;32m  OK  [0m] Started Wait until snapd is fully seeded.
[[0;32m  OK  [0m] Started Authenticate and Authorize Users to Run Privileged Tasks.
[[0;32m  OK  [0m] Started Accounts Service.
[[0;32m  OK  [0m] Started LSB: automatic crash report generation.
[[0;32m  OK  [0m] Started LSB: daemon to balance interrupts for SMP systems.
         Starting Terminate Plymouth Boot Screen...
         Starting Hold until boot process finishes up...
[[0;32m  OK  [0m] Started LSB: Set the CPU Frequency Scaling governor to "ondemand".
[[0;32m  OK  [0m] Started Terminate Plymouth Boot Screen.
[[0;32m  OK  [0m] Started Hold until boot process finishes up.
[[0;32m  OK  [0m] Started Getty on tty1.
         Starting Set console scheme...
[[0;32m  OK  [0m] Started Serial Getty on ttyS0.
[[0;32m  OK  [0m] Reached target Login Prompts.
[[0;32m  OK  [0m] Reached target Multi-User System.
         Starting Execute cloud user/final scripts...
[[0;32m  OK  [0m] Reached target Graphical Interface.
         Starting Update UTMP about System Runlevel Changes...
[[0;32m  OK  [0m] Started Set console scheme.
[[0;32m  OK  [0m] Started Update UTMP about System Runlevel Changes.
[   53.123394] cloud-init[1216]: Cloud-init v. 18.2 running 'modules:final' at Fri, 22 Jun 2018 09:56:42 +0000. Up 52.90 seconds.
[   53.276396] cloud-init[1216]: Cloud-init v. 18.2 finished at Fri, 22 Jun 2018 09:56:42 +0000. Datasource DataSourceNoCloud [seed=/dev/sdb][dsmode=net].  Up 53.11 seconds
[[0;32m  OK  [0m] Started Execute cloud user/final scripts.
[[0;32m  OK  [0m] Reached target Cloud-init target.
         Starting Daily apt download activities...
[[0;32m  OK  [0m] Created slice User Slice of vagrant.
         Starting User Manager for UID 1000...
[[0;32m  OK  [0m] Started User Manager for UID 1000.
[[0;32m  OK  [0m] Started Session 1 of user vagrant.

Ubuntu 16.04.4 LTS ubuntu-xenial ttyS0

ubuntu-xenial login: 